{"C:\\Users\\Pichau\\Projetos\\Testes\\Desafios\\LittleLemon\\src\\App.tsx": {"path":"C:\\Users\\Pichau\\Projetos\\Testes\\Desafios\\LittleLemon\\src\\App.tsx","statementMap":{"0":{"start":{"line":8,"column":0},"end":{"line":10,"column":null}},"1":{"start":{"line":8,"column":33},"end":{"line":10,"column":null}},"2":{"start":{"line":15,"column":0},"end":{"line":30,"column":null}},"3":{"start":{"line":16,"column":2},"end":{"line":19,"column":null}},"4":{"start":{"line":17,"column":4},"end":{"line":17,"column":null}},"5":{"start":{"line":18,"column":4},"end":{"line":18,"column":null}},"6":{"start":{"line":21,"column":2},"end":{"line":24,"column":null}},"7":{"start":{"line":22,"column":4},"end":{"line":22,"column":null}},"8":{"start":{"line":23,"column":4},"end":{"line":23,"column":null}},"9":{"start":{"line":26,"column":2},"end":{"line":29,"column":null}},"10":{"start":{"line":27,"column":4},"end":{"line":27,"column":null}},"11":{"start":{"line":28,"column":4},"end":{"line":28,"column":null}}},"fnMap":{"0":{"name":"(anonymous_0)","decl":{"start":{"line":8,"column":26},"end":{"line":8,"column":33}},"loc":{"start":{"line":8,"column":33},"end":{"line":10,"column":null}}},"1":{"name":"(anonymous_6)","decl":{"start":{"line":15,"column":26},"end":{"line":15,"column":null}},"loc":{"start":{"line":15,"column":26},"end":{"line":30,"column":null}}},"2":{"name":"(anonymous_7)","decl":{"start":{"line":16,"column":29},"end":{"line":16,"column":null}},"loc":{"start":{"line":16,"column":29},"end":{"line":19,"column":null}}},"3":{"name":"(anonymous_8)","decl":{"start":{"line":21,"column":29},"end":{"line":21,"column":null}},"loc":{"start":{"line":21,"column":29},"end":{"line":24,"column":null}}},"4":{"name":"(anonymous_9)","decl":{"start":{"line":26,"column":37},"end":{"line":26,"column":null}},"loc":{"start":{"line":26,"column":37},"end":{"line":29,"column":null}}}},"branchMap":{},"s":{"0":0,"1":0,"2":0,"3":0,"4":0,"5":0,"6":0,"7":0,"8":0,"9":0,"10":0,"11":0},"f":{"0":0,"1":0,"2":0,"3":0,"4":0},"b":{}}
,"C:\\Users\\Pichau\\Projetos\\Testes\\Desafios\\LittleLemon\\src\\components\\BookingForm\\index.tsx": {"path":"C:\\Users\\Pichau\\Projetos\\Testes\\Desafios\\LittleLemon\\src\\components\\BookingForm\\index.tsx","statementMap":{"0":{"start":{"line":4,"column":20},"end":{"line":55,"column":null}},"1":{"start":{"line":5,"column":60},"end":{"line":5,"column":null}},"2":{"start":{"line":7,"column":19},"end":{"line":9,"column":null}},"3":{"start":{"line":8,"column":4},"end":{"line":8,"column":null}},"4":{"start":{"line":11,"column":2},"end":{"line":49,"column":null}}},"fnMap":{"0":{"name":"(anonymous_0)","decl":{"start":{"line":4,"column":20},"end":{"line":4,"column":null}},"loc":{"start":{"line":4,"column":20},"end":{"line":55,"column":null}}},"1":{"name":"(anonymous_1)","decl":{"start":{"line":7,"column":19},"end":{"line":7,"column":20}},"loc":{"start":{"line":7,"column":20},"end":{"line":9,"column":null}}}},"branchMap":{},"s":{"0":0,"1":0,"2":0,"3":0,"4":0},"f":{"0":0,"1":0},"b":{}}
,"C:\\Users\\Pichau\\Projetos\\Testes\\Desafios\\LittleLemon\\src\\components\\Footer\\index.tsx": {"path":"C:\\Users\\Pichau\\Projetos\\Testes\\Desafios\\LittleLemon\\src\\components\\Footer\\index.tsx","statementMap":{"0":{"start":{"line":3,"column":15},"end":{"line":20,"column":null}},"1":{"start":{"line":4,"column":2},"end":{"line":15,"column":null}}},"fnMap":{"0":{"name":"(anonymous_0)","decl":{"start":{"line":3,"column":15},"end":{"line":3,"column":null}},"loc":{"start":{"line":3,"column":15},"end":{"line":20,"column":null}}}},"branchMap":{},"s":{"0":0,"1":0},"f":{"0":0},"b":{}}
,"C:\\Users\\Pichau\\Projetos\\Testes\\Desafios\\LittleLemon\\src\\components\\Header\\index.tsx": {"path":"C:\\Users\\Pichau\\Projetos\\Testes\\Desafios\\LittleLemon\\src\\components\\Header\\index.tsx","statementMap":{"0":{"start":{"line":3,"column":15},"end":{"line":15,"column":null}},"1":{"start":{"line":4,"column":2},"end":{"line":10,"column":null}}},"fnMap":{"0":{"name":"(anonymous_0)","decl":{"start":{"line":3,"column":15},"end":{"line":3,"column":null}},"loc":{"start":{"line":3,"column":15},"end":{"line":15,"column":null}}}},"branchMap":{},"s":{"0":0,"1":0},"f":{"0":0},"b":{}}
,"C:\\Users\\Pichau\\Projetos\\Testes\\Desafios\\LittleLemon\\src\\pages\\home.tsx": {"path":"C:\\Users\\Pichau\\Projetos\\Testes\\Desafios\\LittleLemon\\src\\pages\\home.tsx","statementMap":{"0":{"start":{"line":5,"column":13},"end":{"line":17,"column":null}},"1":{"start":{"line":6,"column":2},"end":{"line":12,"column":null}}},"fnMap":{"0":{"name":"(anonymous_0)","decl":{"start":{"line":5,"column":13},"end":{"line":5,"column":null}},"loc":{"start":{"line":5,"column":13},"end":{"line":17,"column":null}}}},"branchMap":{},"s":{"0":0,"1":0},"f":{"0":0},"b":{}}
,"C:\\Users\\Pichau\\Projetos\\Testes\\Desafios\\LittleLemon\\src\\routes\\routes.tsx": {"path":"C:\\Users\\Pichau\\Projetos\\Testes\\Desafios\\LittleLemon\\src\\routes\\routes.tsx","statementMap":{"0":{"start":{"line":8,"column":21},"end":{"line":17,"column":2}}},"fnMap":{},"branchMap":{},"s":{"0":0},"f":{},"b":{}}
}
